2025-11-09 18:02:35.395 [info] [main] Log level: Info
2025-11-09 18:02:35.395 [info] [main] Validating found git in: "git"
2025-11-09 18:02:35.395 [info] [main] Using git "2.51.2" from "git"
2025-11-09 18:02:35.395 [info] [Model][doInitialScan] Initial repository scan started
2025-11-09 18:02:35.395 [info] > git rev-parse --show-toplevel [12ms]
2025-11-09 18:02:35.395 [info] fatal: not a git repository (or any parent up to mount point /)
Stopping at filesystem boundary (GIT_DISCOVERY_ACROSS_FILESYSTEM not set).
2025-11-09 18:02:35.395 [info] > git rev-parse --show-toplevel [9ms]
2025-11-09 18:02:35.395 [info] fatal: not a git repository (or any parent up to mount point /)
Stopping at filesystem boundary (GIT_DISCOVERY_ACROSS_FILESYSTEM not set).
2025-11-09 18:02:35.395 [info] > git rev-parse --show-toplevel [1ms]
2025-11-09 18:02:35.395 [info] fatal: not a git repository (or any parent up to mount point /)
Stopping at filesystem boundary (GIT_DISCOVERY_ACROSS_FILESYSTEM not set).
2025-11-09 18:02:35.395 [info] > git rev-parse --show-toplevel [1ms]
2025-11-09 18:02:35.395 [info] fatal: not a git repository (or any parent up to mount point /)
Stopping at filesystem boundary (GIT_DISCOVERY_ACROSS_FILESYSTEM not set).
2025-11-09 18:02:35.395 [info] > git rev-parse --show-toplevel [1ms]
2025-11-09 18:02:35.395 [info] fatal: not a git repository (or any parent up to mount point /)
Stopping at filesystem boundary (GIT_DISCOVERY_ACROSS_FILESYSTEM not set).
2025-11-09 18:02:35.395 [info] > git rev-parse --show-toplevel [1ms]
2025-11-09 18:02:35.395 [info] fatal: not a git repository (or any parent up to mount point /)
Stopping at filesystem boundary (GIT_DISCOVERY_ACROSS_FILESYSTEM not set).
2025-11-09 18:02:35.395 [info] > git rev-parse --show-toplevel [1ms]
2025-11-09 18:02:35.395 [info] fatal: not a git repository (or any parent up to mount point /)
Stopping at filesystem boundary (GIT_DISCOVERY_ACROSS_FILESYSTEM not set).
2025-11-09 18:02:35.395 [info] > git rev-parse --show-toplevel [7ms]
2025-11-09 18:02:35.395 [info] fatal: not a git repository (or any parent up to mount point /)
Stopping at filesystem boundary (GIT_DISCOVERY_ACROSS_FILESYSTEM not set).
2025-11-09 18:02:35.399 [info] > git rev-parse --show-toplevel [1ms]
2025-11-09 18:02:35.399 [info] fatal: not a git repository (or any parent up to mount point /)
Stopping at filesystem boundary (GIT_DISCOVERY_ACROSS_FILESYSTEM not set).
2025-11-09 18:02:35.402 [info] > git rev-parse --show-toplevel [1ms]
2025-11-09 18:02:35.402 [info] fatal: not a git repository (or any parent up to mount point /)
Stopping at filesystem boundary (GIT_DISCOVERY_ACROSS_FILESYSTEM not set).
2025-11-09 18:02:35.406 [info] > git rev-parse --show-toplevel [0ms]
2025-11-09 18:02:35.406 [info] fatal: not a git repository (or any parent up to mount point /)
Stopping at filesystem boundary (GIT_DISCOVERY_ACROSS_FILESYSTEM not set).
2025-11-09 18:02:35.410 [info] > git rev-parse --show-toplevel [1ms]
2025-11-09 18:02:35.410 [info] fatal: not a git repository (or any parent up to mount point /)
Stopping at filesystem boundary (GIT_DISCOVERY_ACROSS_FILESYSTEM not set).
2025-11-09 18:02:35.449 [info] > git rev-parse --show-toplevel [34ms]
2025-11-09 18:02:35.449 [info] fatal: not a git repository (or any parent up to mount point /)
Stopping at filesystem boundary (GIT_DISCOVERY_ACROSS_FILESYSTEM not set).
2025-11-09 18:02:35.466 [info] > git rev-parse --show-toplevel [6ms]
2025-11-09 18:02:35.466 [info] fatal: not a git repository (or any parent up to mount point /)
Stopping at filesystem boundary (GIT_DISCOVERY_ACROSS_FILESYSTEM not set).
2025-11-09 18:02:35.470 [info] > git rev-parse --show-toplevel [0ms]
2025-11-09 18:02:35.470 [info] fatal: not a git repository (or any parent up to mount point /)
Stopping at filesystem boundary (GIT_DISCOVERY_ACROSS_FILESYSTEM not set).
2025-11-09 18:02:35.475 [info] > git rev-parse --show-toplevel [1ms]
2025-11-09 18:02:35.475 [info] fatal: not a git repository (or any parent up to mount point /)
Stopping at filesystem boundary (GIT_DISCOVERY_ACROSS_FILESYSTEM not set).
2025-11-09 18:02:35.479 [info] > git rev-parse --show-toplevel [1ms]
2025-11-09 18:02:35.479 [info] fatal: not a git repository (or any parent up to mount point /)
Stopping at filesystem boundary (GIT_DISCOVERY_ACROSS_FILESYSTEM not set).
2025-11-09 18:02:35.483 [info] > git rev-parse --show-toplevel [1ms]
2025-11-09 18:02:35.483 [info] fatal: not a git repository (or any parent up to mount point /)
Stopping at filesystem boundary (GIT_DISCOVERY_ACROSS_FILESYSTEM not set).
2025-11-09 18:02:35.486 [info] > git rev-parse --show-toplevel [1ms]
2025-11-09 18:02:35.486 [info] fatal: not a git repository (or any parent up to mount point /)
Stopping at filesystem boundary (GIT_DISCOVERY_ACROSS_FILESYSTEM not set).
2025-11-09 18:02:35.490 [info] > git rev-parse --show-toplevel [1ms]
2025-11-09 18:02:35.490 [info] fatal: not a git repository (or any parent up to mount point /)
Stopping at filesystem boundary (GIT_DISCOVERY_ACROSS_FILESYSTEM not set).
2025-11-09 18:02:35.494 [info] > git rev-parse --show-toplevel [0ms]
2025-11-09 18:02:35.494 [info] fatal: not a git repository (or any parent up to mount point /)
Stopping at filesystem boundary (GIT_DISCOVERY_ACROSS_FILESYSTEM not set).
2025-11-09 18:02:35.497 [info] > git rev-parse --show-toplevel [1ms]
2025-11-09 18:02:35.497 [info] fatal: not a git repository (or any parent up to mount point /)
Stopping at filesystem boundary (GIT_DISCOVERY_ACROSS_FILESYSTEM not set).
2025-11-09 18:02:35.500 [info] > git rev-parse --show-toplevel [1ms]
2025-11-09 18:02:35.500 [info] fatal: not a git repository (or any parent up to mount point /)
Stopping at filesystem boundary (GIT_DISCOVERY_ACROSS_FILESYSTEM not set).
2025-11-09 18:02:35.503 [info] > git rev-parse --show-toplevel [1ms]
2025-11-09 18:02:35.503 [info] fatal: not a git repository (or any parent up to mount point /)
Stopping at filesystem boundary (GIT_DISCOVERY_ACROSS_FILESYSTEM not set).
2025-11-09 18:02:35.506 [info] > git rev-parse --show-toplevel [1ms]
2025-11-09 18:02:35.506 [info] fatal: not a git repository (or any parent up to mount point /)
Stopping at filesystem boundary (GIT_DISCOVERY_ACROSS_FILESYSTEM not set).
2025-11-09 18:02:35.509 [info] > git rev-parse --show-toplevel [1ms]
2025-11-09 18:02:35.509 [info] fatal: not a git repository (or any parent up to mount point /)
Stopping at filesystem boundary (GIT_DISCOVERY_ACROSS_FILESYSTEM not set).
2025-11-09 18:02:35.512 [info] > git rev-parse --show-toplevel [0ms]
2025-11-09 18:02:35.513 [info] fatal: not a git repository (or any parent up to mount point /)
Stopping at filesystem boundary (GIT_DISCOVERY_ACROSS_FILESYSTEM not set).
2025-11-09 18:02:35.516 [info] > git rev-parse --show-toplevel [1ms]
2025-11-09 18:02:35.516 [info] fatal: not a git repository (or any parent up to mount point /)
Stopping at filesystem boundary (GIT_DISCOVERY_ACROSS_FILESYSTEM not set).
2025-11-09 18:02:35.519 [info] > git rev-parse --show-toplevel [0ms]
2025-11-09 18:02:35.519 [info] fatal: not a git repository (or any parent up to mount point /)
Stopping at filesystem boundary (GIT_DISCOVERY_ACROSS_FILESYSTEM not set).
2025-11-09 18:02:35.522 [info] > git rev-parse --show-toplevel [0ms]
2025-11-09 18:02:35.522 [info] fatal: not a git repository (or any parent up to mount point /)
Stopping at filesystem boundary (GIT_DISCOVERY_ACROSS_FILESYSTEM not set).
2025-11-09 18:02:35.526 [info] > git rev-parse --show-toplevel [1ms]
2025-11-09 18:02:35.526 [info] fatal: not a git repository (or any parent up to mount point /)
Stopping at filesystem boundary (GIT_DISCOVERY_ACROSS_FILESYSTEM not set).
2025-11-09 18:02:35.529 [info] > git rev-parse --show-toplevel [1ms]
2025-11-09 18:02:35.529 [info] fatal: not a git repository (or any parent up to mount point /)
Stopping at filesystem boundary (GIT_DISCOVERY_ACROSS_FILESYSTEM not set).
2025-11-09 18:02:35.532 [info] > git rev-parse --show-toplevel [1ms]
2025-11-09 18:02:35.532 [info] fatal: not a git repository (or any parent up to mount point /)
Stopping at filesystem boundary (GIT_DISCOVERY_ACROSS_FILESYSTEM not set).
2025-11-09 18:02:35.535 [info] > git rev-parse --show-toplevel [1ms]
2025-11-09 18:02:35.535 [info] fatal: not a git repository (or any parent up to mount point /)
Stopping at filesystem boundary (GIT_DISCOVERY_ACROSS_FILESYSTEM not set).
2025-11-09 18:02:35.538 [info] > git rev-parse --show-toplevel [1ms]
2025-11-09 18:02:35.538 [info] fatal: not a git repository (or any parent up to mount point /)
Stopping at filesystem boundary (GIT_DISCOVERY_ACROSS_FILESYSTEM not set).
2025-11-09 18:02:35.542 [info] > git rev-parse --show-toplevel [1ms]
2025-11-09 18:02:35.542 [info] fatal: not a git repository (or any parent up to mount point /)
Stopping at filesystem boundary (GIT_DISCOVERY_ACROSS_FILESYSTEM not set).
2025-11-09 18:02:35.545 [info] > git rev-parse --show-toplevel [0ms]
2025-11-09 18:02:35.545 [info] fatal: not a git repository (or any parent up to mount point /)
Stopping at filesystem boundary (GIT_DISCOVERY_ACROSS_FILESYSTEM not set).
2025-11-09 18:02:35.549 [info] > git rev-parse --show-toplevel [1ms]
2025-11-09 18:02:35.549 [info] fatal: not a git repository (or any parent up to mount point /)
Stopping at filesystem boundary (GIT_DISCOVERY_ACROSS_FILESYSTEM not set).
2025-11-09 18:02:35.552 [info] > git rev-parse --show-toplevel [1ms]
2025-11-09 18:02:35.552 [info] fatal: not a git repository (or any parent up to mount point /)
Stopping at filesystem boundary (GIT_DISCOVERY_ACROSS_FILESYSTEM not set).
2025-11-09 18:02:35.555 [info] > git rev-parse --show-toplevel [1ms]
2025-11-09 18:02:35.555 [info] fatal: not a git repository (or any parent up to mount point /)
Stopping at filesystem boundary (GIT_DISCOVERY_ACROSS_FILESYSTEM not set).
2025-11-09 18:02:35.559 [info] > git rev-parse --show-toplevel [1ms]
2025-11-09 18:02:35.559 [info] fatal: not a git repository (or any parent up to mount point /)
Stopping at filesystem boundary (GIT_DISCOVERY_ACROSS_FILESYSTEM not set).
2025-11-09 18:02:35.562 [info] > git rev-parse --show-toplevel [1ms]
2025-11-09 18:02:35.562 [info] fatal: not a git repository (or any parent up to mount point /)
Stopping at filesystem boundary (GIT_DISCOVERY_ACROSS_FILESYSTEM not set).
2025-11-09 18:02:35.565 [info] > git rev-parse --show-toplevel [1ms]
2025-11-09 18:02:35.565 [info] fatal: not a git repository (or any parent up to mount point /)
Stopping at filesystem boundary (GIT_DISCOVERY_ACROSS_FILESYSTEM not set).
2025-11-09 18:02:35.569 [info] > git rev-parse --show-toplevel [0ms]
2025-11-09 18:02:35.569 [info] fatal: not a git repository (or any parent up to mount point /)
Stopping at filesystem boundary (GIT_DISCOVERY_ACROSS_FILESYSTEM not set).
2025-11-09 18:02:35.572 [info] > git rev-parse --show-toplevel [1ms]
2025-11-09 18:02:35.572 [info] fatal: not a git repository (or any parent up to mount point /)
Stopping at filesystem boundary (GIT_DISCOVERY_ACROSS_FILESYSTEM not set).
2025-11-09 18:02:35.577 [info] > git rev-parse --show-toplevel [1ms]
2025-11-09 18:02:35.577 [info] fatal: not a git repository (or any parent up to mount point /)
Stopping at filesystem boundary (GIT_DISCOVERY_ACROSS_FILESYSTEM not set).
2025-11-09 18:02:35.580 [info] > git rev-parse --show-toplevel [0ms]
2025-11-09 18:02:35.580 [info] fatal: not a git repository (or any parent up to mount point /)
Stopping at filesystem boundary (GIT_DISCOVERY_ACROSS_FILESYSTEM not set).
2025-11-09 18:02:35.584 [info] > git rev-parse --show-toplevel [1ms]
2025-11-09 18:02:35.584 [info] fatal: not a git repository (or any parent up to mount point /)
Stopping at filesystem boundary (GIT_DISCOVERY_ACROSS_FILESYSTEM not set).
2025-11-09 18:02:35.587 [info] > git rev-parse --show-toplevel [1ms]
2025-11-09 18:02:35.587 [info] fatal: not a git repository (or any parent up to mount point /)
Stopping at filesystem boundary (GIT_DISCOVERY_ACROSS_FILESYSTEM not set).
2025-11-09 18:02:35.594 [info] > git rev-parse --show-toplevel [1ms]
2025-11-09 18:02:35.594 [info] fatal: not a git repository (or any parent up to mount point /)
Stopping at filesystem boundary (GIT_DISCOVERY_ACROSS_FILESYSTEM not set).
2025-11-09 18:02:35.600 [info] > git rev-parse --show-toplevel [1ms]
2025-11-09 18:02:35.600 [info] fatal: not a git repository (or any parent up to mount point /)
Stopping at filesystem boundary (GIT_DISCOVERY_ACROSS_FILESYSTEM not set).
2025-11-09 18:02:35.606 [info] > git rev-parse --show-toplevel [3ms]
2025-11-09 18:02:35.606 [info] fatal: not a git repository (or any parent up to mount point /)
Stopping at filesystem boundary (GIT_DISCOVERY_ACROSS_FILESYSTEM not set).
2025-11-09 18:02:35.610 [info] > git rev-parse --show-toplevel [1ms]
2025-11-09 18:02:35.610 [info] fatal: not a git repository (or any parent up to mount point /)
Stopping at filesystem boundary (GIT_DISCOVERY_ACROSS_FILESYSTEM not set).
2025-11-09 18:02:35.611 [info] [Model][doInitialScan] Initial repository scan completed - repositories (0), closed repositories (0), parent repositories (0), unsafe repositories (0)
2025-11-09 18:02:35.615 [info] > git rev-parse --show-toplevel [1ms]
2025-11-09 18:02:35.615 [info] fatal: not a git repository (or any parent up to mount point /)
Stopping at filesystem boundary (GIT_DISCOVERY_ACROSS_FILESYSTEM not set).
2025-11-09 18:02:35.625 [info] > git rev-parse --show-toplevel [1ms]
2025-11-09 18:02:35.625 [info] fatal: not a git repository (or any parent up to mount point /)
Stopping at filesystem boundary (GIT_DISCOVERY_ACROSS_FILESYSTEM not set).
2025-11-09 18:02:35.707 [info] > git rev-parse --show-toplevel [1ms]
2025-11-09 18:02:35.707 [info] fatal: not a git repository (or any parent up to mount point /)
Stopping at filesystem boundary (GIT_DISCOVERY_ACROSS_FILESYSTEM not set).
2025-11-09 18:02:36.889 [info] > git rev-parse --show-toplevel [1ms]
2025-11-09 18:02:36.889 [info] fatal: not a git repository (or any parent up to mount point /)
Stopping at filesystem boundary (GIT_DISCOVERY_ACROSS_FILESYSTEM not set).
2025-11-09 18:12:38.066 [info] > git rev-parse --show-toplevel [1ms]
2025-11-09 18:12:38.066 [info] fatal: not a git repository (or any of the parent directories): .git
2025-11-09 18:12:38.278 [info] > git rev-parse --show-toplevel [7ms]
2025-11-09 18:12:38.278 [info] fatal: not a git repository (or any parent up to mount point /)
Stopping at filesystem boundary (GIT_DISCOVERY_ACROSS_FILESYSTEM not set).
2025-11-09 18:14:07.768 [info] > git rev-parse --show-toplevel [1ms]
2025-11-09 18:14:07.768 [info] fatal: not a git repository (or any parent up to mount point /)
Stopping at filesystem boundary (GIT_DISCOVERY_ACROSS_FILESYSTEM not set).
