2025-11-30 16:26:17.617 [info] [main] Log level: Info
2025-11-30 16:26:17.617 [info] [main] Validating found git in: "git"
2025-11-30 16:26:17.617 [info] [main] Using git "2.51.2" from "git"
2025-11-30 16:26:17.617 [info] [Model][doInitialScan] Initial repository scan started
2025-11-30 16:26:17.617 [info] > git rev-parse --show-toplevel [11ms]
2025-11-30 16:26:17.617 [info] fatal: not a git repository (or any parent up to mount point /)
Stopping at filesystem boundary (GIT_DISCOVERY_ACROSS_FILESYSTEM not set).
2025-11-30 16:26:17.617 [info] > git rev-parse --show-toplevel [2ms]
2025-11-30 16:26:17.617 [info] fatal: not a git repository (or any parent up to mount point /)
Stopping at filesystem boundary (GIT_DISCOVERY_ACROSS_FILESYSTEM not set).
2025-11-30 16:26:17.618 [info] > git rev-parse --show-toplevel [1ms]
2025-11-30 16:26:17.618 [info] fatal: not a git repository (or any parent up to mount point /)
Stopping at filesystem boundary (GIT_DISCOVERY_ACROSS_FILESYSTEM not set).
2025-11-30 16:26:17.679 [info] > git rev-parse --show-toplevel [6ms]
2025-11-30 16:26:17.679 [info] fatal: not a git repository (or any parent up to mount point /)
Stopping at filesystem boundary (GIT_DISCOVERY_ACROSS_FILESYSTEM not set).
2025-11-30 16:26:17.682 [info] > git rev-parse --show-toplevel [1ms]
2025-11-30 16:26:17.682 [info] fatal: not a git repository (or any parent up to mount point /)
Stopping at filesystem boundary (GIT_DISCOVERY_ACROSS_FILESYSTEM not set).
2025-11-30 16:26:17.686 [info] > git rev-parse --show-toplevel [1ms]
2025-11-30 16:26:17.686 [info] fatal: not a git repository (or any parent up to mount point /)
Stopping at filesystem boundary (GIT_DISCOVERY_ACROSS_FILESYSTEM not set).
2025-11-30 16:26:17.689 [info] > git rev-parse --show-toplevel [1ms]
2025-11-30 16:26:17.689 [info] fatal: not a git repository (or any parent up to mount point /)
Stopping at filesystem boundary (GIT_DISCOVERY_ACROSS_FILESYSTEM not set).
2025-11-30 16:26:17.692 [info] > git rev-parse --show-toplevel [1ms]
2025-11-30 16:26:17.692 [info] fatal: not a git repository (or any parent up to mount point /)
Stopping at filesystem boundary (GIT_DISCOVERY_ACROSS_FILESYSTEM not set).
2025-11-30 16:26:17.695 [info] > git rev-parse --show-toplevel [1ms]
2025-11-30 16:26:17.695 [info] fatal: not a git repository (or any parent up to mount point /)
Stopping at filesystem boundary (GIT_DISCOVERY_ACROSS_FILESYSTEM not set).
2025-11-30 16:26:17.698 [info] > git rev-parse --show-toplevel [0ms]
2025-11-30 16:26:17.698 [info] fatal: not a git repository (or any parent up to mount point /)
Stopping at filesystem boundary (GIT_DISCOVERY_ACROSS_FILESYSTEM not set).
2025-11-30 16:26:17.702 [info] > git rev-parse --show-toplevel [1ms]
2025-11-30 16:26:17.702 [info] fatal: not a git repository (or any parent up to mount point /)
Stopping at filesystem boundary (GIT_DISCOVERY_ACROSS_FILESYSTEM not set).
2025-11-30 16:26:17.705 [info] > git rev-parse --show-toplevel [1ms]
2025-11-30 16:26:17.705 [info] fatal: not a git repository (or any parent up to mount point /)
Stopping at filesystem boundary (GIT_DISCOVERY_ACROSS_FILESYSTEM not set).
2025-11-30 16:26:17.708 [info] > git rev-parse --show-toplevel [0ms]
2025-11-30 16:26:17.709 [info] fatal: not a git repository (or any parent up to mount point /)
Stopping at filesystem boundary (GIT_DISCOVERY_ACROSS_FILESYSTEM not set).
2025-11-30 16:26:17.712 [info] > git rev-parse --show-toplevel [0ms]
2025-11-30 16:26:17.712 [info] fatal: not a git repository (or any parent up to mount point /)
Stopping at filesystem boundary (GIT_DISCOVERY_ACROSS_FILESYSTEM not set).
2025-11-30 16:26:17.715 [info] > git rev-parse --show-toplevel [1ms]
2025-11-30 16:26:17.715 [info] fatal: not a git repository (or any parent up to mount point /)
Stopping at filesystem boundary (GIT_DISCOVERY_ACROSS_FILESYSTEM not set).
2025-11-30 16:26:17.718 [info] > git rev-parse --show-toplevel [0ms]
2025-11-30 16:26:17.718 [info] fatal: not a git repository (or any parent up to mount point /)
Stopping at filesystem boundary (GIT_DISCOVERY_ACROSS_FILESYSTEM not set).
2025-11-30 16:26:17.720 [info] > git rev-parse --show-toplevel [0ms]
2025-11-30 16:26:17.720 [info] fatal: not a git repository (or any parent up to mount point /)
Stopping at filesystem boundary (GIT_DISCOVERY_ACROSS_FILESYSTEM not set).
2025-11-30 16:26:17.723 [info] > git rev-parse --show-toplevel [1ms]
2025-11-30 16:26:17.723 [info] fatal: not a git repository (or any parent up to mount point /)
Stopping at filesystem boundary (GIT_DISCOVERY_ACROSS_FILESYSTEM not set).
2025-11-30 16:26:17.727 [info] > git rev-parse --show-toplevel [0ms]
2025-11-30 16:26:17.727 [info] fatal: not a git repository (or any parent up to mount point /)
Stopping at filesystem boundary (GIT_DISCOVERY_ACROSS_FILESYSTEM not set).
2025-11-30 16:26:17.729 [info] > git rev-parse --show-toplevel [0ms]
2025-11-30 16:26:17.729 [info] fatal: not a git repository (or any parent up to mount point /)
Stopping at filesystem boundary (GIT_DISCOVERY_ACROSS_FILESYSTEM not set).
2025-11-30 16:26:17.733 [info] > git rev-parse --show-toplevel [1ms]
2025-11-30 16:26:17.733 [info] fatal: not a git repository (or any parent up to mount point /)
Stopping at filesystem boundary (GIT_DISCOVERY_ACROSS_FILESYSTEM not set).
2025-11-30 16:26:17.736 [info] > git rev-parse --show-toplevel [1ms]
2025-11-30 16:26:17.736 [info] fatal: not a git repository (or any parent up to mount point /)
Stopping at filesystem boundary (GIT_DISCOVERY_ACROSS_FILESYSTEM not set).
2025-11-30 16:26:17.739 [info] > git rev-parse --show-toplevel [1ms]
2025-11-30 16:26:17.739 [info] fatal: not a git repository (or any parent up to mount point /)
Stopping at filesystem boundary (GIT_DISCOVERY_ACROSS_FILESYSTEM not set).
2025-11-30 16:26:17.742 [info] > git rev-parse --show-toplevel [1ms]
2025-11-30 16:26:17.742 [info] fatal: not a git repository (or any parent up to mount point /)
Stopping at filesystem boundary (GIT_DISCOVERY_ACROSS_FILESYSTEM not set).
2025-11-30 16:26:17.745 [info] > git rev-parse --show-toplevel [1ms]
2025-11-30 16:26:17.745 [info] fatal: not a git repository (or any parent up to mount point /)
Stopping at filesystem boundary (GIT_DISCOVERY_ACROSS_FILESYSTEM not set).
2025-11-30 16:26:17.748 [info] > git rev-parse --show-toplevel [1ms]
2025-11-30 16:26:17.748 [info] fatal: not a git repository (or any parent up to mount point /)
Stopping at filesystem boundary (GIT_DISCOVERY_ACROSS_FILESYSTEM not set).
2025-11-30 16:26:17.751 [info] > git rev-parse --show-toplevel [1ms]
2025-11-30 16:26:17.751 [info] fatal: not a git repository (or any parent up to mount point /)
Stopping at filesystem boundary (GIT_DISCOVERY_ACROSS_FILESYSTEM not set).
2025-11-30 16:26:17.754 [info] > git rev-parse --show-toplevel [0ms]
2025-11-30 16:26:17.754 [info] fatal: not a git repository (or any parent up to mount point /)
Stopping at filesystem boundary (GIT_DISCOVERY_ACROSS_FILESYSTEM not set).
2025-11-30 16:26:17.758 [info] > git rev-parse --show-toplevel [1ms]
2025-11-30 16:26:17.758 [info] fatal: not a git repository (or any parent up to mount point /)
Stopping at filesystem boundary (GIT_DISCOVERY_ACROSS_FILESYSTEM not set).
2025-11-30 16:26:17.763 [info] > git rev-parse --show-toplevel [2ms]
2025-11-30 16:26:17.763 [info] fatal: not a git repository (or any parent up to mount point /)
Stopping at filesystem boundary (GIT_DISCOVERY_ACROSS_FILESYSTEM not set).
2025-11-30 16:26:17.767 [info] > git rev-parse --show-toplevel [1ms]
2025-11-30 16:26:17.767 [info] fatal: not a git repository (or any parent up to mount point /)
Stopping at filesystem boundary (GIT_DISCOVERY_ACROSS_FILESYSTEM not set).
2025-11-30 16:26:17.771 [info] > git rev-parse --show-toplevel [1ms]
2025-11-30 16:26:17.771 [info] fatal: not a git repository (or any parent up to mount point /)
Stopping at filesystem boundary (GIT_DISCOVERY_ACROSS_FILESYSTEM not set).
2025-11-30 16:26:17.774 [info] > git rev-parse --show-toplevel [1ms]
2025-11-30 16:26:17.774 [info] fatal: not a git repository (or any parent up to mount point /)
Stopping at filesystem boundary (GIT_DISCOVERY_ACROSS_FILESYSTEM not set).
2025-11-30 16:26:17.777 [info] > git rev-parse --show-toplevel [1ms]
2025-11-30 16:26:17.777 [info] fatal: not a git repository (or any parent up to mount point /)
Stopping at filesystem boundary (GIT_DISCOVERY_ACROSS_FILESYSTEM not set).
2025-11-30 16:26:17.780 [info] > git rev-parse --show-toplevel [1ms]
2025-11-30 16:26:17.780 [info] fatal: not a git repository (or any parent up to mount point /)
Stopping at filesystem boundary (GIT_DISCOVERY_ACROSS_FILESYSTEM not set).
2025-11-30 16:26:17.783 [info] > git rev-parse --show-toplevel [1ms]
2025-11-30 16:26:17.783 [info] fatal: not a git repository (or any parent up to mount point /)
Stopping at filesystem boundary (GIT_DISCOVERY_ACROSS_FILESYSTEM not set).
2025-11-30 16:26:17.786 [info] > git rev-parse --show-toplevel [1ms]
2025-11-30 16:26:17.786 [info] fatal: not a git repository (or any parent up to mount point /)
Stopping at filesystem boundary (GIT_DISCOVERY_ACROSS_FILESYSTEM not set).
2025-11-30 16:26:17.789 [info] > git rev-parse --show-toplevel [1ms]
2025-11-30 16:26:17.789 [info] fatal: not a git repository (or any parent up to mount point /)
Stopping at filesystem boundary (GIT_DISCOVERY_ACROSS_FILESYSTEM not set).
2025-11-30 16:26:17.791 [info] > git rev-parse --show-toplevel [0ms]
2025-11-30 16:26:17.791 [info] fatal: not a git repository (or any parent up to mount point /)
Stopping at filesystem boundary (GIT_DISCOVERY_ACROSS_FILESYSTEM not set).
2025-11-30 16:26:17.794 [info] > git rev-parse --show-toplevel [1ms]
2025-11-30 16:26:17.794 [info] fatal: not a git repository (or any parent up to mount point /)
Stopping at filesystem boundary (GIT_DISCOVERY_ACROSS_FILESYSTEM not set).
2025-11-30 16:26:17.797 [info] > git rev-parse --show-toplevel [1ms]
2025-11-30 16:26:17.797 [info] fatal: not a git repository (or any parent up to mount point /)
Stopping at filesystem boundary (GIT_DISCOVERY_ACROSS_FILESYSTEM not set).
2025-11-30 16:26:17.800 [info] > git rev-parse --show-toplevel [1ms]
2025-11-30 16:26:17.800 [info] fatal: not a git repository (or any parent up to mount point /)
Stopping at filesystem boundary (GIT_DISCOVERY_ACROSS_FILESYSTEM not set).
2025-11-30 16:26:17.803 [info] > git rev-parse --show-toplevel [1ms]
2025-11-30 16:26:17.803 [info] fatal: not a git repository (or any parent up to mount point /)
Stopping at filesystem boundary (GIT_DISCOVERY_ACROSS_FILESYSTEM not set).
2025-11-30 16:26:17.805 [info] > git rev-parse --show-toplevel [0ms]
2025-11-30 16:26:17.805 [info] fatal: not a git repository (or any parent up to mount point /)
Stopping at filesystem boundary (GIT_DISCOVERY_ACROSS_FILESYSTEM not set).
2025-11-30 16:26:17.808 [info] > git rev-parse --show-toplevel [1ms]
2025-11-30 16:26:17.808 [info] fatal: not a git repository (or any parent up to mount point /)
Stopping at filesystem boundary (GIT_DISCOVERY_ACROSS_FILESYSTEM not set).
2025-11-30 16:26:17.811 [info] > git rev-parse --show-toplevel [1ms]
2025-11-30 16:26:17.811 [info] fatal: not a git repository (or any parent up to mount point /)
Stopping at filesystem boundary (GIT_DISCOVERY_ACROSS_FILESYSTEM not set).
2025-11-30 16:26:17.814 [info] > git rev-parse --show-toplevel [1ms]
2025-11-30 16:26:17.814 [info] fatal: not a git repository (or any parent up to mount point /)
Stopping at filesystem boundary (GIT_DISCOVERY_ACROSS_FILESYSTEM not set).
2025-11-30 16:26:17.817 [info] > git rev-parse --show-toplevel [1ms]
2025-11-30 16:26:17.817 [info] fatal: not a git repository (or any parent up to mount point /)
Stopping at filesystem boundary (GIT_DISCOVERY_ACROSS_FILESYSTEM not set).
2025-11-30 16:26:17.820 [info] > git rev-parse --show-toplevel [1ms]
2025-11-30 16:26:17.820 [info] fatal: not a git repository (or any parent up to mount point /)
Stopping at filesystem boundary (GIT_DISCOVERY_ACROSS_FILESYSTEM not set).
2025-11-30 16:26:17.822 [info] > git rev-parse --show-toplevel [0ms]
2025-11-30 16:26:17.822 [info] fatal: not a git repository (or any parent up to mount point /)
Stopping at filesystem boundary (GIT_DISCOVERY_ACROSS_FILESYSTEM not set).
2025-11-30 16:26:17.825 [info] > git rev-parse --show-toplevel [1ms]
2025-11-30 16:26:17.825 [info] fatal: not a git repository (or any parent up to mount point /)
Stopping at filesystem boundary (GIT_DISCOVERY_ACROSS_FILESYSTEM not set).
2025-11-30 16:26:17.828 [info] > git rev-parse --show-toplevel [1ms]
2025-11-30 16:26:17.828 [info] fatal: not a git repository (or any parent up to mount point /)
Stopping at filesystem boundary (GIT_DISCOVERY_ACROSS_FILESYSTEM not set).
2025-11-30 16:26:17.828 [info] [Model][doInitialScan] Initial repository scan completed - repositories (0), closed repositories (0), parent repositories (0), unsafe repositories (0)
2025-11-30 16:26:17.831 [info] > git rev-parse --show-toplevel [0ms]
2025-11-30 16:26:17.831 [info] fatal: not a git repository (or any parent up to mount point /)
Stopping at filesystem boundary (GIT_DISCOVERY_ACROSS_FILESYSTEM not set).
2025-11-30 16:26:18.619 [info] > git rev-parse --show-toplevel [1ms]
2025-11-30 16:26:18.619 [info] fatal: not a git repository (or any parent up to mount point /)
Stopping at filesystem boundary (GIT_DISCOVERY_ACROSS_FILESYSTEM not set).
