2025-11-09 21:35:32.558 [info] [main] Log level: Info
2025-11-09 21:35:32.558 [info] [main] Validating found git in: "git"
2025-11-09 21:35:32.558 [info] [main] Using git "2.51.2" from "git"
2025-11-09 21:35:32.558 [info] [Model][doInitialScan] Initial repository scan started
2025-11-09 21:35:32.558 [info] > git rev-parse --show-toplevel [2ms]
2025-11-09 21:35:32.558 [info] fatal: not a git repository (or any parent up to mount point /)
Stopping at filesystem boundary (GIT_DISCOVERY_ACROSS_FILESYSTEM not set).
2025-11-09 21:35:32.558 [info] > git rev-parse --show-toplevel [8ms]
2025-11-09 21:35:32.558 [info] fatal: not a git repository (or any parent up to mount point /)
Stopping at filesystem boundary (GIT_DISCOVERY_ACROSS_FILESYSTEM not set).
2025-11-09 21:35:32.558 [info] > git rev-parse --show-toplevel [8ms]
2025-11-09 21:35:32.558 [info] fatal: not a git repository (or any parent up to mount point /)
Stopping at filesystem boundary (GIT_DISCOVERY_ACROSS_FILESYSTEM not set).
2025-11-09 21:35:32.604 [info] > git rev-parse --show-toplevel [40ms]
2025-11-09 21:35:32.604 [info] fatal: not a git repository (or any parent up to mount point /)
Stopping at filesystem boundary (GIT_DISCOVERY_ACROSS_FILESYSTEM not set).
2025-11-09 21:35:32.627 [info] > git rev-parse --show-toplevel [6ms]
2025-11-09 21:35:32.627 [info] fatal: not a git repository (or any parent up to mount point /)
Stopping at filesystem boundary (GIT_DISCOVERY_ACROSS_FILESYSTEM not set).
2025-11-09 21:35:32.630 [info] > git rev-parse --show-toplevel [1ms]
2025-11-09 21:35:32.630 [info] fatal: not a git repository (or any parent up to mount point /)
Stopping at filesystem boundary (GIT_DISCOVERY_ACROSS_FILESYSTEM not set).
2025-11-09 21:35:32.633 [info] > git rev-parse --show-toplevel [1ms]
2025-11-09 21:35:32.633 [info] fatal: not a git repository (or any parent up to mount point /)
Stopping at filesystem boundary (GIT_DISCOVERY_ACROSS_FILESYSTEM not set).
2025-11-09 21:35:32.637 [info] > git rev-parse --show-toplevel [0ms]
2025-11-09 21:35:32.637 [info] fatal: not a git repository (or any parent up to mount point /)
Stopping at filesystem boundary (GIT_DISCOVERY_ACROSS_FILESYSTEM not set).
2025-11-09 21:35:32.640 [info] > git rev-parse --show-toplevel [0ms]
2025-11-09 21:35:32.640 [info] fatal: not a git repository (or any parent up to mount point /)
Stopping at filesystem boundary (GIT_DISCOVERY_ACROSS_FILESYSTEM not set).
2025-11-09 21:35:32.643 [info] > git rev-parse --show-toplevel [0ms]
2025-11-09 21:35:32.643 [info] fatal: not a git repository (or any parent up to mount point /)
Stopping at filesystem boundary (GIT_DISCOVERY_ACROSS_FILESYSTEM not set).
2025-11-09 21:35:32.645 [info] > git rev-parse --show-toplevel [0ms]
2025-11-09 21:35:32.645 [info] fatal: not a git repository (or any parent up to mount point /)
Stopping at filesystem boundary (GIT_DISCOVERY_ACROSS_FILESYSTEM not set).
2025-11-09 21:35:32.648 [info] > git rev-parse --show-toplevel [1ms]
2025-11-09 21:35:32.648 [info] fatal: not a git repository (or any parent up to mount point /)
Stopping at filesystem boundary (GIT_DISCOVERY_ACROSS_FILESYSTEM not set).
2025-11-09 21:35:32.651 [info] > git rev-parse --show-toplevel [0ms]
2025-11-09 21:35:32.651 [info] fatal: not a git repository (or any parent up to mount point /)
Stopping at filesystem boundary (GIT_DISCOVERY_ACROSS_FILESYSTEM not set).
2025-11-09 21:35:32.655 [info] > git rev-parse --show-toplevel [1ms]
2025-11-09 21:35:32.655 [info] fatal: not a git repository (or any parent up to mount point /)
Stopping at filesystem boundary (GIT_DISCOVERY_ACROSS_FILESYSTEM not set).
2025-11-09 21:35:32.658 [info] > git rev-parse --show-toplevel [1ms]
2025-11-09 21:35:32.658 [info] fatal: not a git repository (or any parent up to mount point /)
Stopping at filesystem boundary (GIT_DISCOVERY_ACROSS_FILESYSTEM not set).
2025-11-09 21:35:32.661 [info] > git rev-parse --show-toplevel [1ms]
2025-11-09 21:35:32.661 [info] fatal: not a git repository (or any parent up to mount point /)
Stopping at filesystem boundary (GIT_DISCOVERY_ACROSS_FILESYSTEM not set).
2025-11-09 21:35:32.664 [info] > git rev-parse --show-toplevel [1ms]
2025-11-09 21:35:32.664 [info] fatal: not a git repository (or any parent up to mount point /)
Stopping at filesystem boundary (GIT_DISCOVERY_ACROSS_FILESYSTEM not set).
2025-11-09 21:35:32.667 [info] > git rev-parse --show-toplevel [1ms]
2025-11-09 21:35:32.667 [info] fatal: not a git repository (or any parent up to mount point /)
Stopping at filesystem boundary (GIT_DISCOVERY_ACROSS_FILESYSTEM not set).
2025-11-09 21:35:32.670 [info] > git rev-parse --show-toplevel [1ms]
2025-11-09 21:35:32.670 [info] fatal: not a git repository (or any parent up to mount point /)
Stopping at filesystem boundary (GIT_DISCOVERY_ACROSS_FILESYSTEM not set).
2025-11-09 21:35:32.673 [info] > git rev-parse --show-toplevel [0ms]
2025-11-09 21:35:32.673 [info] fatal: not a git repository (or any parent up to mount point /)
Stopping at filesystem boundary (GIT_DISCOVERY_ACROSS_FILESYSTEM not set).
2025-11-09 21:35:32.676 [info] > git rev-parse --show-toplevel [0ms]
2025-11-09 21:35:32.676 [info] fatal: not a git repository (or any parent up to mount point /)
Stopping at filesystem boundary (GIT_DISCOVERY_ACROSS_FILESYSTEM not set).
2025-11-09 21:35:32.679 [info] > git rev-parse --show-toplevel [0ms]
2025-11-09 21:35:32.679 [info] fatal: not a git repository (or any parent up to mount point /)
Stopping at filesystem boundary (GIT_DISCOVERY_ACROSS_FILESYSTEM not set).
2025-11-09 21:35:32.682 [info] > git rev-parse --show-toplevel [0ms]
2025-11-09 21:35:32.682 [info] fatal: not a git repository (or any parent up to mount point /)
Stopping at filesystem boundary (GIT_DISCOVERY_ACROSS_FILESYSTEM not set).
2025-11-09 21:35:32.685 [info] > git rev-parse --show-toplevel [0ms]
2025-11-09 21:35:32.685 [info] fatal: not a git repository (or any parent up to mount point /)
Stopping at filesystem boundary (GIT_DISCOVERY_ACROSS_FILESYSTEM not set).
2025-11-09 21:35:32.688 [info] > git rev-parse --show-toplevel [1ms]
2025-11-09 21:35:32.688 [info] fatal: not a git repository (or any parent up to mount point /)
Stopping at filesystem boundary (GIT_DISCOVERY_ACROSS_FILESYSTEM not set).
2025-11-09 21:35:32.691 [info] > git rev-parse --show-toplevel [0ms]
2025-11-09 21:35:32.691 [info] fatal: not a git repository (or any parent up to mount point /)
Stopping at filesystem boundary (GIT_DISCOVERY_ACROSS_FILESYSTEM not set).
2025-11-09 21:35:32.695 [info] > git rev-parse --show-toplevel [1ms]
2025-11-09 21:35:32.695 [info] fatal: not a git repository (or any parent up to mount point /)
Stopping at filesystem boundary (GIT_DISCOVERY_ACROSS_FILESYSTEM not set).
2025-11-09 21:35:32.698 [info] > git rev-parse --show-toplevel [1ms]
2025-11-09 21:35:32.698 [info] fatal: not a git repository (or any parent up to mount point /)
Stopping at filesystem boundary (GIT_DISCOVERY_ACROSS_FILESYSTEM not set).
2025-11-09 21:35:32.701 [info] > git rev-parse --show-toplevel [1ms]
2025-11-09 21:35:32.701 [info] fatal: not a git repository (or any parent up to mount point /)
Stopping at filesystem boundary (GIT_DISCOVERY_ACROSS_FILESYSTEM not set).
2025-11-09 21:35:32.704 [info] > git rev-parse --show-toplevel [1ms]
2025-11-09 21:35:32.704 [info] fatal: not a git repository (or any parent up to mount point /)
Stopping at filesystem boundary (GIT_DISCOVERY_ACROSS_FILESYSTEM not set).
2025-11-09 21:35:32.711 [info] > git rev-parse --show-toplevel [5ms]
2025-11-09 21:35:32.711 [info] fatal: not a git repository (or any parent up to mount point /)
Stopping at filesystem boundary (GIT_DISCOVERY_ACROSS_FILESYSTEM not set).
2025-11-09 21:35:32.714 [info] > git rev-parse --show-toplevel [1ms]
2025-11-09 21:35:32.714 [info] fatal: not a git repository (or any parent up to mount point /)
Stopping at filesystem boundary (GIT_DISCOVERY_ACROSS_FILESYSTEM not set).
2025-11-09 21:35:32.717 [info] > git rev-parse --show-toplevel [0ms]
2025-11-09 21:35:32.717 [info] fatal: not a git repository (or any parent up to mount point /)
Stopping at filesystem boundary (GIT_DISCOVERY_ACROSS_FILESYSTEM not set).
2025-11-09 21:35:32.721 [info] > git rev-parse --show-toplevel [1ms]
2025-11-09 21:35:32.721 [info] fatal: not a git repository (or any parent up to mount point /)
Stopping at filesystem boundary (GIT_DISCOVERY_ACROSS_FILESYSTEM not set).
2025-11-09 21:35:32.724 [info] > git rev-parse --show-toplevel [1ms]
2025-11-09 21:35:32.724 [info] fatal: not a git repository (or any parent up to mount point /)
Stopping at filesystem boundary (GIT_DISCOVERY_ACROSS_FILESYSTEM not set).
2025-11-09 21:35:32.727 [info] > git rev-parse --show-toplevel [1ms]
2025-11-09 21:35:32.727 [info] fatal: not a git repository (or any parent up to mount point /)
Stopping at filesystem boundary (GIT_DISCOVERY_ACROSS_FILESYSTEM not set).
2025-11-09 21:35:32.730 [info] > git rev-parse --show-toplevel [1ms]
2025-11-09 21:35:32.730 [info] fatal: not a git repository (or any parent up to mount point /)
Stopping at filesystem boundary (GIT_DISCOVERY_ACROSS_FILESYSTEM not set).
2025-11-09 21:35:32.733 [info] > git rev-parse --show-toplevel [1ms]
2025-11-09 21:35:32.733 [info] fatal: not a git repository (or any parent up to mount point /)
Stopping at filesystem boundary (GIT_DISCOVERY_ACROSS_FILESYSTEM not set).
2025-11-09 21:35:32.737 [info] > git rev-parse --show-toplevel [0ms]
2025-11-09 21:35:32.737 [info] fatal: not a git repository (or any parent up to mount point /)
Stopping at filesystem boundary (GIT_DISCOVERY_ACROSS_FILESYSTEM not set).
2025-11-09 21:35:32.740 [info] > git rev-parse --show-toplevel [1ms]
2025-11-09 21:35:32.740 [info] fatal: not a git repository (or any parent up to mount point /)
Stopping at filesystem boundary (GIT_DISCOVERY_ACROSS_FILESYSTEM not set).
2025-11-09 21:35:32.743 [info] > git rev-parse --show-toplevel [1ms]
2025-11-09 21:35:32.743 [info] fatal: not a git repository (or any parent up to mount point /)
Stopping at filesystem boundary (GIT_DISCOVERY_ACROSS_FILESYSTEM not set).
2025-11-09 21:35:32.746 [info] > git rev-parse --show-toplevel [1ms]
2025-11-09 21:35:32.746 [info] fatal: not a git repository (or any parent up to mount point /)
Stopping at filesystem boundary (GIT_DISCOVERY_ACROSS_FILESYSTEM not set).
2025-11-09 21:35:32.749 [info] > git rev-parse --show-toplevel [1ms]
2025-11-09 21:35:32.749 [info] fatal: not a git repository (or any parent up to mount point /)
Stopping at filesystem boundary (GIT_DISCOVERY_ACROSS_FILESYSTEM not set).
2025-11-09 21:35:32.812 [info] > git rev-parse --show-toplevel [60ms]
2025-11-09 21:35:32.812 [info] fatal: not a git repository (or any parent up to mount point /)
Stopping at filesystem boundary (GIT_DISCOVERY_ACROSS_FILESYSTEM not set).
2025-11-09 21:35:32.818 [info] > git rev-parse --show-toplevel [1ms]
2025-11-09 21:35:32.818 [info] fatal: not a git repository (or any parent up to mount point /)
Stopping at filesystem boundary (GIT_DISCOVERY_ACROSS_FILESYSTEM not set).
2025-11-09 21:35:32.821 [info] > git rev-parse --show-toplevel [1ms]
2025-11-09 21:35:32.821 [info] fatal: not a git repository (or any parent up to mount point /)
Stopping at filesystem boundary (GIT_DISCOVERY_ACROSS_FILESYSTEM not set).
2025-11-09 21:35:32.824 [info] > git rev-parse --show-toplevel [1ms]
2025-11-09 21:35:32.824 [info] fatal: not a git repository (or any parent up to mount point /)
Stopping at filesystem boundary (GIT_DISCOVERY_ACROSS_FILESYSTEM not set).
2025-11-09 21:35:32.827 [info] > git rev-parse --show-toplevel [1ms]
2025-11-09 21:35:32.827 [info] fatal: not a git repository (or any parent up to mount point /)
Stopping at filesystem boundary (GIT_DISCOVERY_ACROSS_FILESYSTEM not set).
2025-11-09 21:35:32.830 [info] > git rev-parse --show-toplevel [1ms]
2025-11-09 21:35:32.830 [info] fatal: not a git repository (or any parent up to mount point /)
Stopping at filesystem boundary (GIT_DISCOVERY_ACROSS_FILESYSTEM not set).
2025-11-09 21:35:32.833 [info] > git rev-parse --show-toplevel [1ms]
2025-11-09 21:35:32.833 [info] fatal: not a git repository (or any parent up to mount point /)
Stopping at filesystem boundary (GIT_DISCOVERY_ACROSS_FILESYSTEM not set).
2025-11-09 21:35:32.836 [info] > git rev-parse --show-toplevel [0ms]
2025-11-09 21:35:32.836 [info] fatal: not a git repository (or any parent up to mount point /)
Stopping at filesystem boundary (GIT_DISCOVERY_ACROSS_FILESYSTEM not set).
2025-11-09 21:35:32.840 [info] > git rev-parse --show-toplevel [1ms]
2025-11-09 21:35:32.840 [info] fatal: not a git repository (or any parent up to mount point /)
Stopping at filesystem boundary (GIT_DISCOVERY_ACROSS_FILESYSTEM not set).
2025-11-09 21:35:32.840 [info] [Model][doInitialScan] Initial repository scan completed - repositories (0), closed repositories (0), parent repositories (0), unsafe repositories (0)
2025-11-09 21:35:32.844 [info] > git rev-parse --show-toplevel [0ms]
2025-11-09 21:35:32.844 [info] fatal: not a git repository (or any parent up to mount point /)
Stopping at filesystem boundary (GIT_DISCOVERY_ACROSS_FILESYSTEM not set).
2025-11-09 21:35:32.847 [info] > git rev-parse --show-toplevel [1ms]
2025-11-09 21:35:32.847 [info] fatal: not a git repository (or any parent up to mount point /)
Stopping at filesystem boundary (GIT_DISCOVERY_ACROSS_FILESYSTEM not set).
2025-11-09 21:35:32.855 [info] > git rev-parse --show-toplevel [1ms]
2025-11-09 21:35:32.855 [info] fatal: not a git repository (or any parent up to mount point /)
Stopping at filesystem boundary (GIT_DISCOVERY_ACROSS_FILESYSTEM not set).
2025-11-09 21:35:32.900 [info] > git rev-parse --show-toplevel [1ms]
2025-11-09 21:35:32.900 [info] fatal: not a git repository (or any parent up to mount point /)
Stopping at filesystem boundary (GIT_DISCOVERY_ACROSS_FILESYSTEM not set).
2025-11-09 21:35:33.427 [info] > git rev-parse --show-toplevel [0ms]
2025-11-09 21:35:33.427 [info] fatal: not a git repository (or any parent up to mount point /)
Stopping at filesystem boundary (GIT_DISCOVERY_ACROSS_FILESYSTEM not set).
2025-11-09 21:35:33.954 [info] > git rev-parse --show-toplevel [1ms]
2025-11-09 21:35:33.954 [info] fatal: not a git repository (or any parent up to mount point /)
Stopping at filesystem boundary (GIT_DISCOVERY_ACROSS_FILESYSTEM not set).
